<?xml version="1.0" encoding="utf-8"?><testsuites><testsuite name="pytest" errors="0" failures="0" skipped="0" tests="8" time="0.412" timestamp="2025-03-05T17:42:23.439878+01:00" hostname="21310-1445"><testcase classname="tests.test_age.TestCheckAge" name="test_check_age[70-Local-Senior Local]" file="tests/test_age.py" line="14" time="0.002" /><testcase classname="tests.test_age.TestCheckAge" name="test_check_age[30-Local-Adult Local]" file="tests/test_age.py" line="14" time="0.001" /><testcase classname="tests.test_age.TestCheckAge" name="test_check_age[16-Local-Minor]" file="tests/test_age.py" line="14" time="0.000" /><testcase classname="tests.test_age.TestCheckAge" name="test_check_age[70-Foreigner-Senior Foreigner]" file="tests/test_age.py" line="14" time="0.001" /><testcase classname="tests.test_age.TestCheckAge" name="test_check_age[30-Foreigner-Adult Foreigner]" file="tests/test_age.py" line="14" time="0.000" /><testcase classname="tests.test_height.TestCheckHeight" name="test_average" file="tests/test_height.py" line="17" time="0.000" /><testcase classname="tests.test_population.TestCheckPopulation" name="test_population[Spain-expected_response0]" file="tests/test_population.py" line="19" time="0.004" /><testcase classname="tests.test_population.TestCheckPopulation" name="test_population[Finland-expected_response1]" file="tests/test_population.py" line="19" time="0.001" /></testsuite></testsuites>