<?xml version="1.0" encoding="utf-8"?><testsuites><testsuite name="pytest" errors="0" failures="0" skipped="0" tests="7" time="0.222" timestamp="2025-03-05T16:14:28.579738" hostname="21310-1445"><testcase classname="test.test_age.TestCheckAge" name="test_check_age[70-Local-Senior Local]" file="test/test_age.py" line="14" time="0.002" /><testcase classname="test.test_age.TestCheckAge" name="test_check_age[30-Local-Adult Local]" file="test/test_age.py" line="14" time="0.001" /><testcase classname="test.test_age.TestCheckAge" name="test_check_age[16-Local-Minor]" file="test/test_age.py" line="14" time="0.001" /><testcase classname="test.test_age.TestCheckAge" name="test_check_age[70-Foreigner-Senior Foreigner]" file="test/test_age.py" line="14" time="0.001" /><testcase classname="test.test_age.TestCheckAge" name="test_check_age[30-Foreigner-Adult Foreigner]" file="test/test_age.py" line="14" time="0.001" /><testcase classname="test.test_height.TestCheckHeight" name="test_average" file="test/test_height.py" line="17" time="0.001" /><testcase classname="test.test_population.TestCheckPopulation" name="test_average" file="test/test_population.py" line="17" time="0.001" /></testsuite></testsuites>