<?xml version="1.0" encoding="utf-8"?><testsuites><testsuite name="pytest" errors="0" failures="0" skipped="0" tests="8" time="0.781" timestamp="2025-03-02T23:22:31.993634" hostname="DESKTOP-QFE6DJU"><testcase classname="test.test_age.TestCheckAge" name="test_senior_local" file="test/test_age.py" line="10" time="0.004" /><testcase classname="test.test_age.TestCheckAge" name="test_adult_local" file="test/test_age.py" line="13" time="0.001" /><testcase classname="test.test_age.TestCheckAge" name="test_minor_local" file="test/test_age.py" line="16" time="0.001" /><testcase classname="test.test_age.TestCheckAge" name="test_senior_foreigner" file="test/test_age.py" line="19" time="0.001" /><testcase classname="test.test_age.TestCheckAge" name="test_adult_foreigner" file="test/test_age.py" line="23" time="0.001" /><testcase classname="test.test_height.TestCheckHeight" name="test_tall" file="test/test_height.py" line="9" time="0.001" /><testcase classname="test.test_height.TestCheckHeight" name="test_average" file="test/test_height.py" line="13" time="0.001" /><testcase classname="test.test_height.TestCheckHeight" name="test_short" file="test/test_height.py" line="17" time="0.001" /></testsuite></testsuites>